Please input your prompt: Please input the image path: text_output:  <s>A chat between a curious human and an artificial intelligence assistant. The assistant gives helpful, detailed, and polite answers to the human's questions. USER: <im_start> <im_end> Please segment the muddy or waterlogged region that may affect driving. ASSISTANT: Sure, it is [SEG] .</s>
/mnt/d/research_vl2g/results/lisa/prompt_3_mud_puddle/offroad_001_mask_0.jpg has been saved.
/mnt/d/research_vl2g/results/lisa/prompt_3_mud_puddle/offroad_001_masked_img_0.jpg has been saved.
Please input your prompt: Please input the image path: text_output:  <s>A chat between a curious human and an artificial intelligence assistant. The assistant gives helpful, detailed, and polite answers to the human's questions. USER: <im_start> <im_end> Please segment the muddy or waterlogged region that may affect driving. ASSISTANT: Sure, [SEG] .</s>
/mnt/d/research_vl2g/results/lisa/prompt_3_mud_puddle/offroad_002_mask_0.jpg has been saved.
/mnt/d/research_vl2g/results/lisa/prompt_3_mud_puddle/offroad_002_masked_img_0.jpg has been saved.
Please input your prompt: Please input the image path: text_output:  <s>A chat between a curious human and an artificial intelligence assistant. The assistant gives helpful, detailed, and polite answers to the human's questions. USER: <im_start> <im_end> Please segment the muddy or waterlogged region that may affect driving. ASSISTANT: Sure, it is [SEG] .</s>
/mnt/d/research_vl2g/results/lisa/prompt_3_mud_puddle/offroad_003_mask_0.jpg has been saved.
/mnt/d/research_vl2g/results/lisa/prompt_3_mud_puddle/offroad_003_masked_img_0.jpg has been saved.
Please input your prompt: Please input the image path: text_output:  <s>A chat between a curious human and an artificial intelligence assistant. The assistant gives helpful, detailed, and polite answers to the human's questions. USER: <im_start> <im_end> Please segment the muddy or waterlogged region that may affect driving. ASSISTANT: Sure, it is [SEG] .</s>
/mnt/d/research_vl2g/results/lisa/prompt_3_mud_puddle/offroad_004_mask_0.jpg has been saved.
/mnt/d/research_vl2g/results/lisa/prompt_3_mud_puddle/offroad_004_masked_img_0.jpg has been saved.
Please input your prompt: Please input the image path: text_output:  <s>A chat between a curious human and an artificial intelligence assistant. The assistant gives helpful, detailed, and polite answers to the human's questions. USER: <im_start> <im_end> Please segment the muddy or waterlogged region that may affect driving. ASSISTANT: Sure, [SEG] .</s>
/mnt/d/research_vl2g/results/lisa/prompt_3_mud_puddle/offroad_005_mask_0.jpg has been saved.
/mnt/d/research_vl2g/results/lisa/prompt_3_mud_puddle/offroad_005_masked_img_0.jpg has been saved.
Please input your prompt: Please input the image path: text_output:  <s>A chat between a curious human and an artificial intelligence assistant. The assistant gives helpful, detailed, and polite answers to the human's questions. USER: <im_start> <im_end> Please segment the muddy or waterlogged region that may affect driving. ASSISTANT: Sure, [SEG] .</s>
/mnt/d/research_vl2g/results/lisa/prompt_3_mud_puddle/offroad_006_mask_0.jpg has been saved.
/mnt/d/research_vl2g/results/lisa/prompt_3_mud_puddle/offroad_006_masked_img_0.jpg has been saved.
Please input your prompt: Please input the image path: text_output:  <s>A chat between a curious human and an artificial intelligence assistant. The assistant gives helpful, detailed, and polite answers to the human's questions. USER: <im_start> <im_end> Please segment the muddy or waterlogged region that may affect driving. ASSISTANT: Sure, it is [SEG] .</s>
/mnt/d/research_vl2g/results/lisa/prompt_3_mud_puddle/offroad_007_mask_0.jpg has been saved.
/mnt/d/research_vl2g/results/lisa/prompt_3_mud_puddle/offroad_007_masked_img_0.jpg has been saved.
Please input your prompt: Please input the image path: text_output:  <s>A chat between a curious human and an artificial intelligence assistant. The assistant gives helpful, detailed, and polite answers to the human's questions. USER: <im_start> <im_end> Please segment the muddy or waterlogged region that may affect driving. ASSISTANT: Sure, [SEG] .</s>
/mnt/d/research_vl2g/results/lisa/prompt_3_mud_puddle/offroad_008_mask_0.jpg has been saved.
/mnt/d/research_vl2g/results/lisa/prompt_3_mud_puddle/offroad_008_masked_img_0.jpg has been saved.
Please input your prompt: Please input the image path: text_output:  <s>A chat between a curious human and an artificial intelligence assistant. The assistant gives helpful, detailed, and polite answers to the human's questions. USER: <im_start> <im_end> Please segment the muddy or waterlogged region that may affect driving. ASSISTANT: Sure, [SEG] .</s>
/mnt/d/research_vl2g/results/lisa/prompt_3_mud_puddle/offroad_009_mask_0.jpg has been saved.
/mnt/d/research_vl2g/results/lisa/prompt_3_mud_puddle/offroad_009_masked_img_0.jpg has been saved.
Please input your prompt: Please input the image path: text_output:  <s>A chat between a curious human and an artificial intelligence assistant. The assistant gives helpful, detailed, and polite answers to the human's questions. USER: <im_start> <im_end> Please segment the muddy or waterlogged region that may affect driving. ASSISTANT: Sure, [SEG] .</s>
/mnt/d/research_vl2g/results/lisa/prompt_3_mud_puddle/offroad_010_mask_0.jpg has been saved.
/mnt/d/research_vl2g/results/lisa/prompt_3_mud_puddle/offroad_010_masked_img_0.jpg has been saved.
Please input your prompt: Please input the image path: text_output:  <s>A chat between a curious human and an artificial intelligence assistant. The assistant gives helpful, detailed, and polite answers to the human's questions. USER: <im_start> <im_end> Please segment the muddy or waterlogged region that may affect driving. ASSISTANT: Sure, it is [SEG] .</s>
/mnt/d/research_vl2g/results/lisa/prompt_3_mud_puddle/offroad_011_mask_0.jpg has been saved.
/mnt/d/research_vl2g/results/lisa/prompt_3_mud_puddle/offroad_011_masked_img_0.jpg has been saved.
Please input your prompt: Please input the image path: text_output:  <s>A chat between a curious human and an artificial intelligence assistant. The assistant gives helpful, detailed, and polite answers to the human's questions. USER: <im_start> <im_end> Please segment the muddy or waterlogged region that may affect driving. ASSISTANT: Sure, [SEG] .</s>
/mnt/d/research_vl2g/results/lisa/prompt_3_mud_puddle/offroad_012_mask_0.jpg has been saved.
/mnt/d/research_vl2g/results/lisa/prompt_3_mud_puddle/offroad_012_masked_img_0.jpg has been saved.
Please input your prompt: Please input the image path: text_output:  <s>A chat between a curious human and an artificial intelligence assistant. The assistant gives helpful, detailed, and polite answers to the human's questions. USER: <im_start> <im_end> Please segment the muddy or waterlogged region that may affect driving. ASSISTANT: Sure, it is [SEG] .</s>
/mnt/d/research_vl2g/results/lisa/prompt_3_mud_puddle/offroad_013_mask_0.jpg has been saved.
/mnt/d/research_vl2g/results/lisa/prompt_3_mud_puddle/offroad_013_masked_img_0.jpg has been saved.
Please input your prompt: Please input the image path: text_output:  <s>A chat between a curious human and an artificial intelligence assistant. The assistant gives helpful, detailed, and polite answers to the human's questions. USER: <im_start> <im_end> Please segment the muddy or waterlogged region that may affect driving. ASSISTANT: Sure, it is [SEG] .</s>
/mnt/d/research_vl2g/results/lisa/prompt_3_mud_puddle/offroad_014_mask_0.jpg has been saved.
/mnt/d/research_vl2g/results/lisa/prompt_3_mud_puddle/offroad_014_masked_img_0.jpg has been saved.
Please input your prompt: Please input the image path: text_output:  <s>A chat between a curious human and an artificial intelligence assistant. The assistant gives helpful, detailed, and polite answers to the human's questions. USER: <im_start> <im_end> Please segment the muddy or waterlogged region that may affect driving. ASSISTANT: Sure, [SEG] .</s>
/mnt/d/research_vl2g/results/lisa/prompt_3_mud_puddle/offroad_015_mask_0.jpg has been saved.
/mnt/d/research_vl2g/results/lisa/prompt_3_mud_puddle/offroad_015_masked_img_0.jpg has been saved.
Please input your prompt: Please input the image path: text_output:  <s>A chat between a curious human and an artificial intelligence assistant. The assistant gives helpful, detailed, and polite answers to the human's questions. USER: <im_start> <im_end> Please segment the muddy or waterlogged region that may affect driving. ASSISTANT: Sure, it is [SEG] .</s>
/mnt/d/research_vl2g/results/lisa/prompt_3_mud_puddle/offroad_016_mask_0.jpg has been saved.
/mnt/d/research_vl2g/results/lisa/prompt_3_mud_puddle/offroad_016_masked_img_0.jpg has been saved.
Please input your prompt: Please input the image path: text_output:  <s>A chat between a curious human and an artificial intelligence assistant. The assistant gives helpful, detailed, and polite answers to the human's questions. USER: <im_start> <im_end> Please segment the muddy or waterlogged region that may affect driving. ASSISTANT: Sure, it is [SEG] .</s>
/mnt/d/research_vl2g/results/lisa/prompt_3_mud_puddle/offroad_017_mask_0.jpg has been saved.
/mnt/d/research_vl2g/results/lisa/prompt_3_mud_puddle/offroad_017_masked_img_0.jpg has been saved.
Please input your prompt: Please input the image path: text_output:  <s>A chat between a curious human and an artificial intelligence assistant. The assistant gives helpful, detailed, and polite answers to the human's questions. USER: <im_start> <im_end> Please segment the muddy or waterlogged region that may affect driving. ASSISTANT: Sure, it is [SEG] .</s>
/mnt/d/research_vl2g/results/lisa/prompt_3_mud_puddle/offroad_018_mask_0.jpg has been saved.
/mnt/d/research_vl2g/results/lisa/prompt_3_mud_puddle/offroad_018_masked_img_0.jpg has been saved.
Please input your prompt: Please input the image path: text_output:  <s>A chat between a curious human and an artificial intelligence assistant. The assistant gives helpful, detailed, and polite answers to the human's questions. USER: <im_start> <im_end> Please segment the muddy or waterlogged region that may affect driving. ASSISTANT: Sure, it is [SEG] .</s>
/mnt/d/research_vl2g/results/lisa/prompt_3_mud_puddle/offroad_019_mask_0.jpg has been saved.
/mnt/d/research_vl2g/results/lisa/prompt_3_mud_puddle/offroad_019_masked_img_0.jpg has been saved.
Please input your prompt: Please input the image path: text_output:  <s>A chat between a curious human and an artificial intelligence assistant. The assistant gives helpful, detailed, and polite answers to the human's questions. USER: <im_start> <im_end> Please segment the muddy or waterlogged region that may affect driving. ASSISTANT: Sure, it is [SEG] .</s>
/mnt/d/research_vl2g/results/lisa/prompt_3_mud_puddle/offroad_020_mask_0.jpg has been saved.
/mnt/d/research_vl2g/results/lisa/prompt_3_mud_puddle/offroad_020_masked_img_0.jpg has been saved.
Please input your prompt: Please input the image path: text_output:  <s>A chat between a curious human and an artificial intelligence assistant. The assistant gives helpful, detailed, and polite answers to the human's questions. USER: <im_start> <im_end> Please segment the muddy or waterlogged region that may affect driving. ASSISTANT: Sure, it is [SEG] .</s>
/mnt/d/research_vl2g/results/lisa/prompt_3_mud_puddle/offroad_021_mask_0.jpg has been saved.
/mnt/d/research_vl2g/results/lisa/prompt_3_mud_puddle/offroad_021_masked_img_0.jpg has been saved.
Please input your prompt: Please input the image path: text_output:  <s>A chat between a curious human and an artificial intelligence assistant. The assistant gives helpful, detailed, and polite answers to the human's questions. USER: <im_start> <im_end> Please segment the muddy or waterlogged region that may affect driving. ASSISTANT: Sure, [SEG] .</s>
/mnt/d/research_vl2g/results/lisa/prompt_3_mud_puddle/offroad_022_mask_0.jpg has been saved.
/mnt/d/research_vl2g/results/lisa/prompt_3_mud_puddle/offroad_022_masked_img_0.jpg has been saved.
Please input your prompt: Please input the image path: text_output:  <s>A chat between a curious human and an artificial intelligence assistant. The assistant gives helpful, detailed, and polite answers to the human's questions. USER: <im_start> <im_end> Please segment the muddy or waterlogged region that may affect driving. ASSISTANT: Sure, [SEG] .</s>
/mnt/d/research_vl2g/results/lisa/prompt_3_mud_puddle/offroad_023_mask_0.jpg has been saved.
/mnt/d/research_vl2g/results/lisa/prompt_3_mud_puddle/offroad_023_masked_img_0.jpg has been saved.
Please input your prompt: Please input the image path: text_output:  <s>A chat between a curious human and an artificial intelligence assistant. The assistant gives helpful, detailed, and polite answers to the human's questions. USER: <im_start> <im_end> Please segment the muddy or waterlogged region that may affect driving. ASSISTANT: Sure, it is [SEG] .</s>
/mnt/d/research_vl2g/results/lisa/prompt_3_mud_puddle/offroad_024_mask_0.jpg has been saved.
/mnt/d/research_vl2g/results/lisa/prompt_3_mud_puddle/offroad_024_masked_img_0.jpg has been saved.
Please input your prompt: Please input the image path: text_output:  <s>A chat between a curious human and an artificial intelligence assistant. The assistant gives helpful, detailed, and polite answers to the human's questions. USER: <im_start> <im_end> Please segment the muddy or waterlogged region that may affect driving. ASSISTANT: Sure, it is [SEG] .</s>
/mnt/d/research_vl2g/results/lisa/prompt_3_mud_puddle/offroad_025_mask_0.jpg has been saved.
/mnt/d/research_vl2g/results/lisa/prompt_3_mud_puddle/offroad_025_masked_img_0.jpg has been saved.
Please input your prompt: Please input the image path: text_output:  <s>A chat between a curious human and an artificial intelligence assistant. The assistant gives helpful, detailed, and polite answers to the human's questions. USER: <im_start> <im_end> Please segment the muddy or waterlogged region that may affect driving. ASSISTANT: Sure, [SEG] .</s>
/mnt/d/research_vl2g/results/lisa/prompt_3_mud_puddle/offroad_026_mask_0.jpg has been saved.
/mnt/d/research_vl2g/results/lisa/prompt_3_mud_puddle/offroad_026_masked_img_0.jpg has been saved.
Please input your prompt: Please input the image path: text_output:  <s>A chat between a curious human and an artificial intelligence assistant. The assistant gives helpful, detailed, and polite answers to the human's questions. USER: <im_start> <im_end> Please segment the muddy or waterlogged region that may affect driving. ASSISTANT: Sure, [SEG] .</s>
/mnt/d/research_vl2g/results/lisa/prompt_3_mud_puddle/offroad_027_mask_0.jpg has been saved.
/mnt/d/research_vl2g/results/lisa/prompt_3_mud_puddle/offroad_027_masked_img_0.jpg has been saved.
Please input your prompt: Please input the image path: text_output:  <s>A chat between a curious human and an artificial intelligence assistant. The assistant gives helpful, detailed, and polite answers to the human's questions. USER: <im_start> <im_end> Please segment the muddy or waterlogged region that may affect driving. ASSISTANT: Sure, [SEG] .</s>
/mnt/d/research_vl2g/results/lisa/prompt_3_mud_puddle/offroad_028_mask_0.jpg has been saved.
/mnt/d/research_vl2g/results/lisa/prompt_3_mud_puddle/offroad_028_masked_img_0.jpg has been saved.
Please input your prompt: Please input the image path: text_output:  <s>A chat between a curious human and an artificial intelligence assistant. The assistant gives helpful, detailed, and polite answers to the human's questions. USER: <im_start> <im_end> Please segment the muddy or waterlogged region that may affect driving. ASSISTANT: Sure, [SEG] .</s>
/mnt/d/research_vl2g/results/lisa/prompt_3_mud_puddle/offroad_029_mask_0.jpg has been saved.
/mnt/d/research_vl2g/results/lisa/prompt_3_mud_puddle/offroad_029_masked_img_0.jpg has been saved.
Please input your prompt: Please input the image path: text_output:  <s>A chat between a curious human and an artificial intelligence assistant. The assistant gives helpful, detailed, and polite answers to the human's questions. USER: <im_start> <im_end> Please segment the muddy or waterlogged region that may affect driving. ASSISTANT: Sure, it is [SEG] .</s>
/mnt/d/research_vl2g/results/lisa/prompt_3_mud_puddle/offroad_030_mask_0.jpg has been saved.
/mnt/d/research_vl2g/results/lisa/prompt_3_mud_puddle/offroad_030_masked_img_0.jpg has been saved.
Please input your prompt: Please input the image path: text_output:  <s>A chat between a curious human and an artificial intelligence assistant. The assistant gives helpful, detailed, and polite answers to the human's questions. USER: <im_start> <im_end> Please segment the muddy or waterlogged region that may affect driving. ASSISTANT: Sure, it is [SEG] .</s>
/mnt/d/research_vl2g/results/lisa/prompt_3_mud_puddle/offroad_031_mask_0.jpg has been saved.
/mnt/d/research_vl2g/results/lisa/prompt_3_mud_puddle/offroad_031_masked_img_0.jpg has been saved.
Please input your prompt: Please input the image path: text_output:  <s>A chat between a curious human and an artificial intelligence assistant. The assistant gives helpful, detailed, and polite answers to the human's questions. USER: <im_start> <im_end> Please segment the muddy or waterlogged region that may affect driving. ASSISTANT: Sure, it is [SEG] .</s>
/mnt/d/research_vl2g/results/lisa/prompt_3_mud_puddle/offroad_032_mask_0.jpg has been saved.
/mnt/d/research_vl2g/results/lisa/prompt_3_mud_puddle/offroad_032_masked_img_0.jpg has been saved.
Please input your prompt: Please input the image path: text_output:  <s>A chat between a curious human and an artificial intelligence assistant. The assistant gives helpful, detailed, and polite answers to the human's questions. USER: <im_start> <im_end> Please segment the muddy or waterlogged region that may affect driving. ASSISTANT: Sure, it is [SEG] .</s>
/mnt/d/research_vl2g/results/lisa/prompt_3_mud_puddle/offroad_033_mask_0.jpg has been saved.
/mnt/d/research_vl2g/results/lisa/prompt_3_mud_puddle/offroad_033_masked_img_0.jpg has been saved.
Please input your prompt: Please input the image path: text_output:  <s>A chat between a curious human and an artificial intelligence assistant. The assistant gives helpful, detailed, and polite answers to the human's questions. USER: <im_start> <im_end> Please segment the muddy or waterlogged region that may affect driving. ASSISTANT: Sure, it is [SEG] .</s>
/mnt/d/research_vl2g/results/lisa/prompt_3_mud_puddle/offroad_034_mask_0.jpg has been saved.
/mnt/d/research_vl2g/results/lisa/prompt_3_mud_puddle/offroad_034_masked_img_0.jpg has been saved.
Please input your prompt: Please input the image path: text_output:  <s>A chat between a curious human and an artificial intelligence assistant. The assistant gives helpful, detailed, and polite answers to the human's questions. USER: <im_start> <im_end> Please segment the muddy or waterlogged region that may affect driving. ASSISTANT: Sure, it is [SEG] .</s>
/mnt/d/research_vl2g/results/lisa/prompt_3_mud_puddle/offroad_035_mask_0.jpg has been saved.
/mnt/d/research_vl2g/results/lisa/prompt_3_mud_puddle/offroad_035_masked_img_0.jpg has been saved.
Please input your prompt: Please input the image path: text_output:  <s>A chat between a curious human and an artificial intelligence assistant. The assistant gives helpful, detailed, and polite answers to the human's questions. USER: <im_start> <im_end> Please segment the muddy or waterlogged region that may affect driving. ASSISTANT: Sure, [SEG] .</s>
/mnt/d/research_vl2g/results/lisa/prompt_3_mud_puddle/offroad_036_mask_0.jpg has been saved.
/mnt/d/research_vl2g/results/lisa/prompt_3_mud_puddle/offroad_036_masked_img_0.jpg has been saved.
Please input your prompt: Please input the image path: text_output:  <s>A chat between a curious human and an artificial intelligence assistant. The assistant gives helpful, detailed, and polite answers to the human's questions. USER: <im_start> <im_end> Please segment the muddy or waterlogged region that may affect driving. ASSISTANT: Sure, [SEG] .</s>
/mnt/d/research_vl2g/results/lisa/prompt_3_mud_puddle/offroad_037_mask_0.jpg has been saved.
/mnt/d/research_vl2g/results/lisa/prompt_3_mud_puddle/offroad_037_masked_img_0.jpg has been saved.
Please input your prompt: Please input the image path: text_output:  <s>A chat between a curious human and an artificial intelligence assistant. The assistant gives helpful, detailed, and polite answers to the human's questions. USER: <im_start> <im_end> Please segment the muddy or waterlogged region that may affect driving. ASSISTANT: Sure, [SEG] .</s>
/mnt/d/research_vl2g/results/lisa/prompt_3_mud_puddle/offroad_038_mask_0.jpg has been saved.
/mnt/d/research_vl2g/results/lisa/prompt_3_mud_puddle/offroad_038_masked_img_0.jpg has been saved.
Please input your prompt: Please input the image path: text_output:  <s>A chat between a curious human and an artificial intelligence assistant. The assistant gives helpful, detailed, and polite answers to the human's questions. USER: <im_start> <im_end> Please segment the muddy or waterlogged region that may affect driving. ASSISTANT: Sure, it is [SEG] .</s>
/mnt/d/research_vl2g/results/lisa/prompt_3_mud_puddle/offroad_039_mask_0.jpg has been saved.
/mnt/d/research_vl2g/results/lisa/prompt_3_mud_puddle/offroad_039_masked_img_0.jpg has been saved.
Please input your prompt: Please input the image path: text_output:  <s>A chat between a curious human and an artificial intelligence assistant. The assistant gives helpful, detailed, and polite answers to the human's questions. USER: <im_start> <im_end> Please segment the muddy or waterlogged region that may affect driving. ASSISTANT: Sure, it is [SEG] .</s>
/mnt/d/research_vl2g/results/lisa/prompt_3_mud_puddle/offroad_040_mask_0.jpg has been saved.
/mnt/d/research_vl2g/results/lisa/prompt_3_mud_puddle/offroad_040_masked_img_0.jpg has been saved.
Please input your prompt: Please input the image path: text_output:  <s>A chat between a curious human and an artificial intelligence assistant. The assistant gives helpful, detailed, and polite answers to the human's questions. USER: <im_start> <im_end> Please segment the muddy or waterlogged region that may affect driving. ASSISTANT: Sure, [SEG] .</s>
/mnt/d/research_vl2g/results/lisa/prompt_3_mud_puddle/offroad_041_mask_0.jpg has been saved.
/mnt/d/research_vl2g/results/lisa/prompt_3_mud_puddle/offroad_041_masked_img_0.jpg has been saved.
Please input your prompt: Please input the image path: text_output:  <s>A chat between a curious human and an artificial intelligence assistant. The assistant gives helpful, detailed, and polite answers to the human's questions. USER: <im_start> <im_end> Please segment the muddy or waterlogged region that may affect driving. ASSISTANT: Sure, [SEG] .</s>
/mnt/d/research_vl2g/results/lisa/prompt_3_mud_puddle/offroad_042_mask_0.jpg has been saved.
/mnt/d/research_vl2g/results/lisa/prompt_3_mud_puddle/offroad_042_masked_img_0.jpg has been saved.
Please input your prompt: Please input the image path: text_output:  <s>A chat between a curious human and an artificial intelligence assistant. The assistant gives helpful, detailed, and polite answers to the human's questions. USER: <im_start> <im_end> Please segment the muddy or waterlogged region that may affect driving. ASSISTANT: Sure, it is [SEG] .</s>
/mnt/d/research_vl2g/results/lisa/prompt_3_mud_puddle/offroad_043_mask_0.jpg has been saved.
/mnt/d/research_vl2g/results/lisa/prompt_3_mud_puddle/offroad_043_masked_img_0.jpg has been saved.
Please input your prompt: Please input the image path: text_output:  <s>A chat between a curious human and an artificial intelligence assistant. The assistant gives helpful, detailed, and polite answers to the human's questions. USER: <im_start> <im_end> Please segment the muddy or waterlogged region that may affect driving. ASSISTANT: Sure, it is [SEG] .</s>
/mnt/d/research_vl2g/results/lisa/prompt_3_mud_puddle/offroad_044_mask_0.jpg has been saved.
/mnt/d/research_vl2g/results/lisa/prompt_3_mud_puddle/offroad_044_masked_img_0.jpg has been saved.
Please input your prompt: Please input the image path: text_output:  <s>A chat between a curious human and an artificial intelligence assistant. The assistant gives helpful, detailed, and polite answers to the human's questions. USER: <im_start> <im_end> Please segment the muddy or waterlogged region that may affect driving. ASSISTANT: Sure, [SEG] .</s>
/mnt/d/research_vl2g/results/lisa/prompt_3_mud_puddle/offroad_045_mask_0.jpg has been saved.
/mnt/d/research_vl2g/results/lisa/prompt_3_mud_puddle/offroad_045_masked_img_0.jpg has been saved.
Please input your prompt: Please input the image path: text_output:  <s>A chat between a curious human and an artificial intelligence assistant. The assistant gives helpful, detailed, and polite answers to the human's questions. USER: <im_start> <im_end> Please segment the muddy or waterlogged region that may affect driving. ASSISTANT: Sure, [SEG] .</s>
/mnt/d/research_vl2g/results/lisa/prompt_3_mud_puddle/offroad_046_mask_0.jpg has been saved.
/mnt/d/research_vl2g/results/lisa/prompt_3_mud_puddle/offroad_046_masked_img_0.jpg has been saved.
Please input your prompt: Please input the image path: text_output:  <s>A chat between a curious human and an artificial intelligence assistant. The assistant gives helpful, detailed, and polite answers to the human's questions. USER: <im_start> <im_end> Please segment the muddy or waterlogged region that may affect driving. ASSISTANT: Sure, [SEG] .</s>
/mnt/d/research_vl2g/results/lisa/prompt_3_mud_puddle/offroad_047_mask_0.jpg has been saved.
/mnt/d/research_vl2g/results/lisa/prompt_3_mud_puddle/offroad_047_masked_img_0.jpg has been saved.
Please input your prompt: Please input the image path: text_output:  <s>A chat between a curious human and an artificial intelligence assistant. The assistant gives helpful, detailed, and polite answers to the human's questions. USER: <im_start> <im_end> Please segment the muddy or waterlogged region that may affect driving. ASSISTANT: Sure, [SEG] .</s>
/mnt/d/research_vl2g/results/lisa/prompt_3_mud_puddle/offroad_048_mask_0.jpg has been saved.
/mnt/d/research_vl2g/results/lisa/prompt_3_mud_puddle/offroad_048_masked_img_0.jpg has been saved.
Please input your prompt: Please input the image path: text_output:  <s>A chat between a curious human and an artificial intelligence assistant. The assistant gives helpful, detailed, and polite answers to the human's questions. USER: <im_start> <im_end> Please segment the muddy or waterlogged region that may affect driving. ASSISTANT: Sure, [SEG] .</s>
/mnt/d/research_vl2g/results/lisa/prompt_3_mud_puddle/offroad_049_mask_0.jpg has been saved.
/mnt/d/research_vl2g/results/lisa/prompt_3_mud_puddle/offroad_049_masked_img_0.jpg has been saved.
Please input your prompt: Please input the image path: text_output:  <s>A chat between a curious human and an artificial intelligence assistant. The assistant gives helpful, detailed, and polite answers to the human's questions. USER: <im_start> <im_end> Please segment the muddy or waterlogged region that may affect driving. ASSISTANT: Sure, it is [SEG] .</s>
/mnt/d/research_vl2g/results/lisa/prompt_3_mud_puddle/offroad_050_mask_0.jpg has been saved.
/mnt/d/research_vl2g/results/lisa/prompt_3_mud_puddle/offroad_050_masked_img_0.jpg has been saved.
Please input your prompt: Please input the image path: text_output:  <s>A chat between a curious human and an artificial intelligence assistant. The assistant gives helpful, detailed, and polite answers to the human's questions. USER: <im_start> <im_end> Please segment the muddy or waterlogged region that may affect driving. ASSISTANT: Sure, it is [SEG] .</s>
/mnt/d/research_vl2g/results/lisa/prompt_3_mud_puddle/offroad_051_mask_0.jpg has been saved.
/mnt/d/research_vl2g/results/lisa/prompt_3_mud_puddle/offroad_051_masked_img_0.jpg has been saved.
Please input your prompt: Please input the image path: text_output:  <s>A chat between a curious human and an artificial intelligence assistant. The assistant gives helpful, detailed, and polite answers to the human's questions. USER: <im_start> <im_end> Please segment the muddy or waterlogged region that may affect driving. ASSISTANT: Sure, it is [SEG] .</s>
/mnt/d/research_vl2g/results/lisa/prompt_3_mud_puddle/offroad_052_mask_0.jpg has been saved.
/mnt/d/research_vl2g/results/lisa/prompt_3_mud_puddle/offroad_052_masked_img_0.jpg has been saved.
Please input your prompt: Please input the image path: text_output:  <s>A chat between a curious human and an artificial intelligence assistant. The assistant gives helpful, detailed, and polite answers to the human's questions. USER: <im_start> <im_end> Please segment the muddy or waterlogged region that may affect driving. ASSISTANT: Sure, it is [SEG] .</s>
/mnt/d/research_vl2g/results/lisa/prompt_3_mud_puddle/offroad_053_mask_0.jpg has been saved.
/mnt/d/research_vl2g/results/lisa/prompt_3_mud_puddle/offroad_053_masked_img_0.jpg has been saved.
Please input your prompt: Please input the image path: text_output:  <s>A chat between a curious human and an artificial intelligence assistant. The assistant gives helpful, detailed, and polite answers to the human's questions. USER: <im_start> <im_end> Please segment the muddy or waterlogged region that may affect driving. ASSISTANT: Sure, it is [SEG] .</s>
/mnt/d/research_vl2g/results/lisa/prompt_3_mud_puddle/offroad_054_mask_0.jpg has been saved.
/mnt/d/research_vl2g/results/lisa/prompt_3_mud_puddle/offroad_054_masked_img_0.jpg has been saved.
Please input your prompt: Please input the image path: text_output:  <s>A chat between a curious human and an artificial intelligence assistant. The assistant gives helpful, detailed, and polite answers to the human's questions. USER: <im_start> <im_end> Please segment the muddy or waterlogged region that may affect driving. ASSISTANT: Sure, it is [SEG] .</s>
/mnt/d/research_vl2g/results/lisa/prompt_3_mud_puddle/offroad_055_mask_0.jpg has been saved.
/mnt/d/research_vl2g/results/lisa/prompt_3_mud_puddle/offroad_055_masked_img_0.jpg has been saved.
Please input your prompt: Please input the image path: text_output:  <s>A chat between a curious human and an artificial intelligence assistant. The assistant gives helpful, detailed, and polite answers to the human's questions. USER: <im_start> <im_end> Please segment the muddy or waterlogged region that may affect driving. ASSISTANT: Sure, it is [SEG] .</s>
/mnt/d/research_vl2g/results/lisa/prompt_3_mud_puddle/offroad_056_mask_0.jpg has been saved.
/mnt/d/research_vl2g/results/lisa/prompt_3_mud_puddle/offroad_056_masked_img_0.jpg has been saved.
Please input your prompt: 